<?xml version="1.0" encoding="UTF-8"?>
<testng-results skipped="0" failed="0" ignored="0" total="2" passed="2">
  <reporter-output>
  </reporter-output>
  <suite name="Default suite" duration-ms="64" started-at="2019-04-05T20:14:58Z" finished-at="2019-04-05T20:14:58Z">
    <groups>
    </groups>
    <test name="Default test" duration-ms="64" started-at="2019-04-05T20:14:58Z" finished-at="2019-04-05T20:14:58Z">
      <class name="test.LoginPageTest">
        <test-method status="PASS" signature="loginPageTest(java.lang.String, java.lang.String, java.lang.String)[pri:0, instance:test.LoginPageTest@5bcab519]" name="loginPageTest" duration-ms="13" started-at="2019-04-05T20:14:58Z" data-provider="getData" finished-at="2019-04-05T20:14:58Z">
          <params>
            <param index="0">
              <value>
                <![CDATA[akdkdkk@xxx.com]]>
              </value>
            </param>
            <param index="1">
              <value>
                <![CDATA[akdkdkk@xxx.com]]>
              </value>
            </param>
            <param index="2">
              <value>
                <![CDATA[akdkdkk@xxx.com]]>
              </value>
            </param>
          </params>
          <reporter-output>
          </reporter-output>
        </test-method> <!-- loginPageTest -->
        <test-method status="PASS" signature="loginPageTest(java.lang.String, java.lang.String, java.lang.String)[pri:0, instance:test.LoginPageTest@5bcab519]" name="loginPageTest" duration-ms="3" started-at="2019-04-05T20:14:58Z" data-provider="getData" finished-at="2019-04-05T20:14:58Z">
          <params>
            <param index="0">
              <value>
                <![CDATA[akdkdkk@xxx.com]]>
              </value>
            </param>
            <param index="1">
              <value>
                <![CDATA[akdkdkk@xxx.com]]>
              </value>
            </param>
            <param index="2">
              <value>
                <![CDATA[akdkdkk@xxx.com]]>
              </value>
            </param>
          </params>
          <reporter-output>
          </reporter-output>
        </test-method> <!-- loginPageTest -->
      </class> <!-- test.LoginPageTest -->
    </test> <!-- Default test -->
  </suite> <!-- Default suite -->
</testng-results>
